
> summit-os@0.1.0 dev
> env-cmd -f .env.local next dev

 ⚠ Warning: Next.js inferred your workspace root, but it may not be correct.
 We detected multiple lockfiles and selected the directory of /home/dad/package-lock.json as the root directory.
 To silence this warning, set `turbopack.root` in your Next.js config, or consider removing one of the lockfiles if it's not needed.
   See https://nextjs.org/docs/app/api-reference/config/next-config-js/turbopack#root-directory for more information.
 Detected additional lockfiles: 
   * /home/dad/summit-os/package-lock.json

   ▲ Next.js 16.0.4 (Turbopack)
   - Local:         http://localhost:3000
   - Network:       http://10.1.10.204:3000
   - Environments: .env.local, .env

 ✓ Starting...
 ✓ Ready in 2s
   Using external babel configuration from /home/dad/summit-os/.babelrc
 ○ Compiling /api/finance/charge ...
CRITICAL: Stripe payment pi_3SYNLnC4snKfiuHs2IHqljdX succeeded but failed to log to Supabase. {
  code: '22P02',
  details: null,
  hint: null,
  message: 'invalid input syntax for type uuid: "1"'
}
 POST /api/finance/charge 500 in 9.5s (compile: 7.6s, render: 1884ms)
Stripe API error: Error: This PaymentIntent is configured to accept payment methods enabled in your Dashboard. Because some of these payment methods might redirect your customer off of your page, you must provide a `return_url`. If you don't want to accept redirect-based payment methods, set `automatic_payment_methods[enabled]` to `true` and `automatic_payment_methods[allow_redirects]` to `never` when creating Setup Intents and Payment Intents.
    at ignore-listed frames {
  type: 'StripeInvalidRequestError',
  raw: [Object],
  rawType: 'invalid_request_error',
  code: undefined,
  doc_url: undefined,
  param: undefined,
  detail: undefined,
  headers: [Object],
  requestId: 'req_zJn6StfeJlgW9B',
  statusCode: 400,
  userMessage: undefined,
  charge: undefined,
  decline_code: undefined,
  payment_intent: undefined,
  payment_method: undefined,
  payment_method_type: undefined,
  setup_intent: undefined,
  source: undefined
}
Stripe error type: StripeInvalidRequestError
Stripe error code: undefined
 POST /api/finance/charge 500 in 2.1s (compile: 1303ms, render: 750ms)
CRITICAL: Stripe payment pi_3SYNMoC4snKfiuHs0fejOVk7 succeeded but failed to log to Supabase. {
  code: '23503',
  details: 'Key is not present in table "tenants".',
  hint: null,
  message: 'insert or update on table "transactions" violates foreign key constraint "transactions_tenant_id_fkey"'
}
 POST /api/finance/charge 500 in 2.4s (compile: 1118ms, render: 1319ms)
 GET /api/tenants 405 in 1305ms (compile: 1268ms, render: 37ms)
 POST /api/tenants 400 in 44ms (compile: 12ms, render: 33ms)
Error adding tenant: {
  code: '22P02',
  details: null,
  hint: null,
  message: 'invalid input syntax for type uuid: "1"'
}
 POST /api/tenants 500 in 261ms (compile: 8ms, render: 253ms)
Error adding tenant: {
  code: '23505',
  details: null,
  hint: null,
  message: 'duplicate key value violates unique constraint "tenants_gate_access_code_key"'
}
 POST /api/tenants 500 in 356ms (compile: 10ms, render: 347ms)
Error adding tenant: {
  code: '23505',
  details: null,
  hint: null,
  message: 'duplicate key value violates unique constraint "tenants_gate_access_code_key"'
}
 POST /api/tenants 500 in 259ms (compile: 10ms, render: 249ms)
 POST /api/tenants 201 in 227ms (compile: 7ms, render: 220ms)
 POST /api/finance/charge 201 in 1455ms (compile: 9ms, render: 1446ms)
 ○ Compiling / ...
 ⨯ Error: ENOENT: no such file or directory, open '/home/dad/summit-os/.next/dev/server/pages-manifest.json'
    at ignore-listed frames {
  errno: -2,
  code: 'ENOENT',
  syscall: 'open',
  path: '/home/dad/summit-os/.next/dev/server/pages-manifest.json',
  page: '/'
}
 ○ Compiling /_error ...
 ⨯ Error: ENOENT: no such file or directory, open '/home/dad/summit-os/.next/dev/static/development/_buildManifest.js.tmp.0o3nybk9qepe'
    at ignore-listed frames {
  errno: -2,
  code: 'ENOENT',
  syscall: 'open',
  path: '/home/dad/summit-os/.next/dev/static/development/_buildManifest.js.tmp.0o3nybk9qepe'
}
Could not find files for /_error in .next/build-manifest.json
Could not find files for /_error in .next/build-manifest.json
 GET / 500 in 17.3s (compile: 16.6s, render: 626ms)
 GET / 404 in 3.4s (compile: 2.4s, render: 991ms)
 GET /index.html 404 in 229ms (compile: 23ms, render: 207ms)
 GET / 200 in 572ms (compile: 173ms, render: 399ms)
 GET / 200 in 329ms (compile: 12ms, render: 317ms)
 GET / 200 in 242ms (compile: 19ms, render: 222ms)
 ⨯ Error: ENOENT: no such file or directory, open '/home/dad/summit-os/.next/dev/server/app/api/tenants/[__metadata_id__]/route/app-paths-manifest.json'
    at ignore-listed frames {
  errno: -2,
  code: 'ENOENT',
  syscall: 'open',
  path: '/home/dad/summit-os/.next/dev/server/app/api/tenants/[__metadata_id__]/route/app-paths-manifest.json'
}
 GET / 200 in 734ms (compile: 25ms, render: 709ms)
 ○ Compiling /gate-simulator ...
 GET /gate-simulator 200 in 6.1s (compile: 5.5s, render: 592ms)
 ⨯ Error: ENOENT: no such file or directory, open '/home/dad/summit-os/.next/dev/server/app/api/tenants/[__metadata_id__]/route/app-paths-manifest.json'
    at ignore-listed frames {
  errno: -2,
  code: 'ENOENT',
  syscall: 'open',
  path: '/home/dad/summit-os/.next/dev/server/app/api/tenants/[__metadata_id__]/route/app-paths-manifest.json'
}
 ⨯ Error: Cannot find module '../../../../chunks/[turbopack]_runtime.js'
Require stack:
- /home/dad/summit-os/.next/dev/server/app/api/gate/access/route.js
- /home/dad/summit-os/node_modules/next/dist/server/require.js
- /home/dad/summit-os/node_modules/next/dist/server/load-components.js
- /home/dad/summit-os/node_modules/next/dist/build/utils.js
- /home/dad/summit-os/node_modules/next/dist/build/swc/options.js
- /home/dad/summit-os/node_modules/next/dist/build/swc/index.js
- /home/dad/summit-os/node_modules/next/dist/server/lib/router-utils/setup-dev-bundler.js
- /home/dad/summit-os/node_modules/next/dist/server/lib/router-server.js
- /home/dad/summit-os/node_modules/next/dist/server/lib/start-server.js
    at Object.<anonymous> (.next/dev/server/app/api/gate/access/route.js:1:7) {
  code: 'MODULE_NOT_FOUND',
  requireStack: [Array],
  page: '/api/gate/access'
}
 POST /api/gate/access 500 in 1894ms
 GET /gate-simulator 200 in 585ms (compile: 33ms, render: 552ms)
 ⨯ Error: Cannot find module '../../../../chunks/[turbopack]_runtime.js'
Require stack:
- /home/dad/summit-os/.next/dev/server/app/api/gate/access/route.js
- /home/dad/summit-os/node_modules/next/dist/server/require.js
- /home/dad/summit-os/node_modules/next/dist/server/load-components.js
- /home/dad/summit-os/node_modules/next/dist/build/utils.js
- /home/dad/summit-os/node_modules/next/dist/build/swc/options.js
- /home/dad/summit-os/node_modules/next/dist/build/swc/index.js
- /home/dad/summit-os/node_modules/next/dist/server/lib/router-utils/setup-dev-bundler.js
- /home/dad/summit-os/node_modules/next/dist/server/lib/router-server.js
- /home/dad/summit-os/node_modules/next/dist/server/lib/start-server.js
    at Object.<anonymous> (.next/dev/server/app/api/gate/access/route.js:1:7) {
  code: 'MODULE_NOT_FOUND',
  requireStack: [Array],
  page: '/api/gate/access'
}
 POST /api/gate/access 500 in 185ms
 ⨯ Error: ENOENT: no such file or directory, open '/home/dad/summit-os/.next/dev/server/app/api/tenants/[__metadata_id__]/route/app-paths-manifest.json'
    at ignore-listed frames {
  errno: -2,
  code: 'ENOENT',
  syscall: 'open',
  path: '/home/dad/summit-os/.next/dev/server/app/api/tenants/[__metadata_id__]/route/app-paths-manifest.json'
}
 GET /gate-simulator 200 in 182ms (compile: 9ms, render: 173ms)
[?25h
